============================= test session starts ==============================
platform linux -- Python 3.13.13, pytest-9.0.3, pluggy-1.6.0 -- /usr/local/bin/python3
cachedir: .pytest_cache
rootdir: /home/user
configfile: pytest.ini
plugins: anyio-4.14.0
collecting ... collected 149 items

tests/benchmark_tests.py::test_orchestrator_latency_benchmark PASSED     [  0%]
tests/benchmark_tests.py::test_trust_calibration_score PASSED            [  1%]
tests/maturity_tests.py::test_civilization_memory PASSED                 [  2%]
tests/maturity_tests.py::test_continuous_scientific_method PASSED        [  2%]
tests/maturity_tests.py::test_universal_reasoning_language PASSED        [  3%]
tests/maturity_tests.py::test_tradeoff_and_humility PASSED               [  4%]
tests/maturity_tests.py::test_unknowns_and_immune_system PASSED          [  4%]
tests/maturity_tests.py::test_accountability_passport PASSED             [  5%]
tests/reasoning_tests.py::test_tree_engine_construction PASSED           [  6%]
tests/reasoning_tests.py::test_question_decomposition PASSED             [  6%]
tests/reasoning_tests.py::test_hypothesis_generation_and_elimination PASSED [  7%]
tests/reasoning_tests.py::test_debate_engine_and_judge_council PASSED    [  8%]
tests/reasoning_tests.py::test_end_to_end_orchestrator_flow PASSED       [  8%]
tests/safety_tests.py::test_guardian_prohibited_terms PASSED             [  9%]
tests/safety_tests.py::test_drift_detector PASSED                        [ 10%]
tests/safety_tests.py::test_policy_engine PASSED                         [ 10%]
tests/test_accreditation_milestones.py::test_research_package_documentation_exists PASSED [ 11%]
tests/test_accreditation_milestones.py::test_12_milestone_subsystem_readiness PASSED [ 12%]
tests/test_agent_runtime.py::test_scheduler_and_workload PASSED          [ 12%]
tests/test_agent_runtime.py::test_agent_execution_and_lifecycle PASSED   [ 13%]
tests/test_agent_runtime.py::test_security_sandbox_and_permissions PASSED [ 14%]
tests/test_agent_runtime.py::test_tool_orchestration PASSED              [ 14%]
tests/test_agent_runtime.py::test_reliability_and_observability PASSED   [ 15%]
tests/test_data_fabric.py::test_ingestion_pipeline PASSED                [ 16%]
tests/test_data_fabric.py::test_validation_layer PASSED                  [ 16%]
tests/test_data_fabric.py::test_knowledge_storage_and_hybrid_retrieval PASSED [ 17%]
tests/test_data_fabric.py::test_data_governance PASSED                   [ 18%]
tests/test_digital_twin.py::test_digital_twin_system_model PASSED        [ 18%]
tests/test_digital_twin.py::test_digital_twin_environment_and_entity PASSED [ 19%]
tests/test_digital_twin.py::test_digital_twin_state_tracker PASSED       [ 20%]
tests/test_forecasting.py::test_trend_modeler_and_probability PASSED     [ 20%]
tests/test_forecasting.py::test_uncertainty_tracker PASSED               [ 21%]
tests/test_independent_validation.py::test_blind_dataset_manager PASSED  [ 22%]
tests/test_independent_validation.py::test_external_evaluator_and_runner PASSED [ 22%]
tests/test_independent_validation.py::test_statistical_analysis_and_reproducibility_report PASSED [ 23%]
tests/test_independent_validation.py::test_measurement_engine_components PASSED [ 24%]
tests/test_milestones_standalone.py::test_milestone_8_creative_engine PASSED [ 24%]
tests/test_milestones_standalone.py::test_milestone_9_security_governance PASSED [ 25%]
tests/test_milestones_standalone.py::test_milestone_10_independent_certification PASSED [ 26%]
tests/test_milestones_standalone.py::test_milestone_11_interoperability_ecosystem PASSED [ 26%]
tests/test_milestones_standalone.py::test_milestone_12_civilization_intelligence_apex PASSED [ 27%]
tests/test_phase_100_organism.py::test_dna_engine PASSED                 [ 28%]
tests/test_phase_100_organism.py::test_nervous_system PASSED             [ 28%]
tests/test_phase_100_organism.py::test_kcn_akiis_immune_system PASSED    [ 29%]
tests/test_phase_100_organism.py::test_kronos_vibe_coder_arms PASSED     [ 30%]
tests/test_phase_100_organism.py::test_reality_operations_legs PASSED    [ 30%]
tests/test_phase_100_organism.py::test_unified_organism_full_closed_loop PASSED [ 31%]
tests/test_phase_101_105.py::test_phase_101_independent_reality_validation PASSED [ 32%]
tests/test_phase_101_105.py::test_phase_102_agent_civilization PASSED    [ 32%]
tests/test_phase_101_105.py::test_phase_103_outcome_learning PASSED      [ 33%]
tests/test_phase_101_105.py::test_phase_104_production_fabric PASSED     [ 34%]
tests/test_phase_101_105.py::test_phase_105_science_engine PASSED        [ 34%]
tests/test_phase_106_110.py::test_phase_106_independent_certification PASSED [ 35%]
tests/test_phase_106_110.py::test_phase_107_interoperability_fabric PASSED [ 36%]
tests/test_phase_106_110.py::test_phase_108_autonomous_experimentation PASSED [ 36%]
tests/test_phase_106_110.py::test_phase_109_knowledge_graph_universe PASSED [ 37%]
tests/test_phase_106_110.py::test_phase_110_meta_governance_change_governor PASSED [ 38%]
tests/test_phase_120_127.py::test_phase_120_executive_cortex PASSED      [ 38%]
tests/test_phase_120_127.py::test_phase_121_world_interface PASSED       [ 39%]
tests/test_phase_120_127.py::test_phase_122_digital_twin_and_scenario PASSED [ 40%]
tests/test_phase_120_127.py::test_phase_123_future_intelligence PASSED   [ 40%]
tests/test_phase_120_127.py::test_phase_124_discovery_autopilot PASSED   [ 41%]
tests/test_phase_120_127.py::test_phase_125_universal_education_engine PASSED [ 42%]
tests/test_phase_120_127.py::test_phase_126_collective_intelligence_network PASSED [ 42%]
tests/test_phase_120_127.py::test_phase_127_civilization_os PASSED       [ 43%]
tests/test_phase_128_137.py::test_phase_127_ckos PASSED                  [ 44%]
tests/test_phase_128_137.py::test_phase_128_human_symbiosis PASSED       [ 44%]
tests/test_phase_128_137.py::test_phase_129_global_problem_solver PASSED [ 45%]
tests/test_phase_128_137.py::test_phase_130_civilization_resilience PASSED [ 46%]
tests/test_phase_128_137.py::test_phase_131_universal_research_lab PASSED [ 46%]
tests/test_phase_128_137.py::test_phase_132_engineering_creation_lab PASSED [ 47%]
tests/test_phase_128_137.py::test_phase_133_creative_experience_lab PASSED [ 48%]
tests/test_phase_128_137.py::test_phase_134_economic_resource_engine PASSED [ 48%]
tests/test_phase_128_137.py::test_phase_135_ethics_philosophy_engine PASSED [ 49%]
tests/test_phase_128_137.py::test_phase_136_security_trust_architecture PASSED [ 50%]
tests/test_phase_128_137.py::test_phase_137_life_science_intelligence PASSED [ 51%]
tests/test_phase_138_142.py::test_phase_138_planetary_and_space_intelligence PASSED [ 51%]
tests/test_phase_138_142.py::test_phase_139_legal_governance_systems PASSED [ 52%]
tests/test_phase_138_142.py::test_phase_140_education_human_advancement PASSED [ 53%]
tests/test_phase_138_142.py::test_phase_141_cultural_historical_intelligence PASSED [ 53%]
tests/test_phase_138_142.py::test_phase_142_communication_collaboration_intelligence PASSED [ 54%]
tests/test_phase_143_150.py::test_phase_143_strategic_future_engine PASSED [ 55%]
tests/test_phase_143_150.py::test_phase_144_innovation_invention_engine PASSED [ 55%]
tests/test_phase_143_150.py::test_phase_145_digital_twin_reality_engine PASSED [ 56%]
tests/test_phase_143_150.py::test_phase_146_resource_sustainability_intelligence PASSED [ 57%]
tests/test_phase_143_150.py::test_phase_147_economic_market_intelligence PASSED [ 57%]
tests/test_phase_143_150.py::test_phase_148_security_trust_intelligence PASSED [ 58%]
tests/test_phase_143_150.py::test_phase_149_human_performance_intelligence PASSED [ 59%]
tests/test_phase_143_150.py::test_phase_150_master_intelligence_integration_apex PASSED [ 59%]
tests/test_phase_151_160.py::test_phase_151_knowledge_graph_reality_memory PASSED [ 60%]
tests/test_phase_151_160.py::test_phase_152_autonomous_science_engine PASSED [ 61%]
tests/test_phase_151_160.py::test_phase_153_engineering_creation_intelligence PASSED [ 61%]
tests/test_phase_151_160.py::test_phase_154_creative_experience_intelligence PASSED [ 62%]
tests/test_phase_151_160.py::test_phase_155_governance_civilization_intelligence PASSED [ 63%]
tests/test_phase_151_160.py::test_phase_156_space_cosmic_intelligence PASSED [ 63%]
tests/test_phase_151_160.py::test_phase_157_cultural_bridge PASSED       [ 64%]
tests/test_phase_151_160.py::test_phase_158_transportation_logistics PASSED [ 65%]
tests/test_phase_151_160.py::test_phase_159_precision_agriculture PASSED [ 65%]
tests/test_phase_151_160.py::test_phase_160_crisis_orchestrator PASSED   [ 66%]
tests/test_phase_161_163.py::test_phase_161_planetary_engineering_intelligence PASSED [ 67%]
tests/test_phase_161_163.py::test_phase_162_quantum_computing_and_compute_fabric PASSED [ 67%]
tests/test_phase_161_163.py::test_phase_163_robotics_physical_intelligence PASSED [ 68%]
tests/test_phase_20_23.py::test_phase_20_security_and_trust PASSED       [ 69%]
tests/test_phase_20_23.py::test_phase_21_human_governance PASSED         [ 69%]
tests/test_phase_20_23.py::test_phase_22_enterprise_platform PASSED      [ 70%]
tests/test_phase_20_23.py::test_phase_23_continuous_research_evolution PASSED [ 71%]
tests/test_phase_20_23.py::test_kcn_maturity_platform_closed_loop PASSED [ 71%]
tests/test_phase_92_93.py::test_preservation_vault PASSED                [ 72%]
tests/test_phase_92_93.py::test_experience_memory_engine PASSED          [ 73%]
tests/test_phase_92_93.py::test_evolution_history_and_institutional_knowledge PASSED [ 73%]
tests/test_phase_92_93.py::test_continuity_protection PASSED             [ 74%]
tests/test_phase_92_93.py::test_legacy_council PASSED                    [ 75%]
tests/test_phase_92_93.py::test_cross_domain_generalization PASSED       [ 75%]
tests/test_phase_92_93.py::test_robust_reasoning PASSED                  [ 76%]
tests/test_phase_92_93.py::test_autonomous_learner_and_discovery PASSED  [ 77%]
tests/test_phase_92_93.py::test_self_improvement_governor PASSED         [ 77%]
tests/test_purpose_alignment.py::test_mission_definition_engine PASSED   [ 78%]
tests/test_purpose_alignment.py::test_priority_reasoning_engine PASSED   [ 79%]
tests/test_purpose_alignment.py::test_value_translation_layer PASSED     [ 79%]
tests/test_purpose_alignment.py::test_impact_measurement_engine PASSED   [ 80%]
tests/test_purpose_alignment.py::test_mission_review_council PASSED      [ 81%]
tests/test_rc2_and_v3.py::test_rc2_security_and_governance PASSED        [ 81%]
tests/test_rc2_and_v3.py::test_rc2_ai_governance_and_compliance PASSED   [ 82%]
tests/test_rc2_and_v3.py::test_rc2_reliability_and_release PASSED        [ 83%]
tests/test_rc2_and_v3.py::test_v3_sdk_and_marketplace PASSED             [ 83%]
tests/test_rc2_and_v3.py::test_v3_auditor_certification_commercial PASSED [ 84%]
tests/test_risk_modeling.py::test_risk_analyzer PASSED                   [ 85%]
tests/test_saas_hardening.py::test_database_and_vector_memory PASSED     [ 85%]
tests/test_saas_hardening.py::test_rbac_and_authentication PASSED        [ 86%]
tests/test_saas_hardening.py::test_observability_stack PASSED            [ 87%]
tests/test_saas_hardening.py::test_billing_and_tenancy PASSED            [ 87%]
tests/test_saas_hardening.py::test_secrets_vault_and_recovery PASSED     [ 88%]
tests/test_scenario_engine.py::test_scenario_generator_and_what_if PASSED [ 89%]
tests/test_scenario_engine.py::test_constraint_solver_and_comparator PASSED [ 89%]
tests/test_simulation_orchestrator.py::test_simulation_orchestrator_closed_loop PASSED [ 90%]
tests/test_v01_v09_milestones.py::test_v07_reality_simulation_engine PASSED [ 91%]
tests/test_v01_v09_milestones.py::test_v08_creative_intelligence_engine PASSED [ 91%]
tests/test_v01_v09_milestones.py::test_v09_enterprise_security_governance PASSED [ 92%]
tests/test_v2_orchestrator.py::test_v2_kcn_orchestrator_health_and_execute PASSED [ 93%]
tests/test_v2_orchestrator.py::test_v2_core_subsystems PASSED            [ 93%]
tests/test_v4_network.py::test_v4_federated_intelligence PASSED          [ 94%]
tests/test_v4_network.py::test_v4_knowledge_network_and_provenance PASSED [ 95%]
tests/test_v4_network.py::test_v4_agent_economy PASSED                   [ 95%]
tests/test_v4_network.py::test_v4_compute_fabric_and_research PASSED     [ 96%]
tests/test_v4_network.py::test_v4_global_operations PASSED               [ 97%]
tests/test_v5_v6_v7_apex.py::test_v5_autonomous_governance_and_trust PASSED [ 97%]
tests/test_v5_v6_v7_apex.py::test_v6_universal_interoperability_layer PASSED [ 98%]
tests/test_v5_v6_v7_apex.py::test_v7_autonomous_scientific_discovery_engine PASSED [ 99%]
tests/test_v8_embodied_robotics.py::test_v8_embodied_robotics_full_pipeline PASSED [100%]

============================= 149 passed in 0.48s ==============================

